2021-03-26 [19:11:17] [Server thread/INFO]: Loading pocketmine.yml...
2021-03-26 [19:11:17] [Server thread/INFO]: Loading server properties...
2021-03-26 [19:11:17] [Server thread/INFO]: Selected English (eng) as the base language
2021-03-26 [19:11:17] [Server thread/INFO]: Starting Minecraft: Bedrock Edition server version v1.16.210
2021-03-26 [19:11:17] [Server thread/INFO]: Online mode is enabled. The server will verify that players are authenticated to Xbox Live.
2021-03-26 [19:11:17] [Server thread/INFO]: Opening server on 0.0.0.0:19132
2021-03-26 [19:11:17] [Server thread/INFO]: This server is running PocketMine-MP version 3.18.0
2021-03-26 [19:11:17] [Server thread/INFO]: PocketMine-MP is distributed under the LGPL License
2021-03-26 [19:11:17] [Server thread/INFO]: Loading resource packs...
2021-03-26 [19:11:17] [Server thread/NOTICE]: World "world" not found
2021-03-26 [19:11:17] [Server thread/INFO]: Preparing world "world"
2021-03-26 [19:11:17] [Server thread/NOTICE]: Spawn terrain for world "world" is being generated in the background
2021-03-26 [19:11:17] [Server thread/INFO]: Starting GS4 status listener
2021-03-26 [19:11:17] [Server thread/INFO]: Setting query port to 19132
2021-03-26 [19:11:17] [Server thread/INFO]: Query running on 0.0.0.0:19132
2021-03-26 [19:11:17] [Server thread/INFO]: Default game type: Survival Mode
2021-03-26 [19:11:17] [Server thread/INFO]: If you find this project useful, please consider donating to support development: https://patreon.com/pocketminemp
2021-03-26 [19:11:17] [Server thread/INFO]: Done (0.477s)! For help, type "help" or "?"
2021-03-26 [19:11:21] [Server thread/INFO]: [CONSOLE: Stopping the server]
2021-03-26 [19:11:21] [Server thread/INFO]: Unloading world "world"
2021-03-26 [19:11:21] [Server thread/INFO]: Stopping other threads
2021-03-26 [19:17:30] [Server thread/INFO]: Loading pocketmine.yml...
2021-03-26 [19:17:30] [Server thread/INFO]: Loading server properties...
2021-03-26 [19:17:30] [Server thread/INFO]: Selected English (eng) as the base language
2021-03-26 [19:17:30] [Server thread/INFO]: Starting Minecraft: Bedrock Edition server version v1.16.210
2021-03-26 [19:17:30] [Server thread/INFO]: Online mode is enabled. The server will verify that players are authenticated to Xbox Live.
2021-03-26 [19:17:30] [Server thread/INFO]: Opening server on 0.0.0.0:19132
2021-03-26 [19:17:30] [Server thread/INFO]: This server is running PocketMine-MP version 3.18.0
2021-03-26 [19:17:30] [Server thread/INFO]: PocketMine-MP is distributed under the LGPL License
2021-03-26 [19:17:30] [Server thread/INFO]: Loading resource packs...
2021-03-26 [19:17:30] [Server thread/INFO]: Preparing world "world"
2021-03-26 [19:17:30] [Server thread/INFO]: Starting GS4 status listener
2021-03-26 [19:17:30] [Server thread/INFO]: Setting query port to 19132
2021-03-26 [19:17:30] [Server thread/INFO]: Query running on 0.0.0.0:19132
2021-03-26 [19:17:30] [Server thread/INFO]: Default game type: Survival Mode
2021-03-26 [19:17:30] [Server thread/INFO]: If you find this project useful, please consider donating to support development: https://patreon.com/pocketminemp
2021-03-26 [19:17:30] [Server thread/INFO]: Done (0.388s)! For help, type "help" or "?"
2021-11-04 [19:26:54] [Server thread/INFO]: Loading pocketmine.yml...
2021-11-04 [19:26:54] [Server thread/INFO]: Loading server properties...
2021-11-04 [19:26:54] [Server thread/INFO]: Selected English (eng) as the base language
2021-11-04 [19:26:54] [Server thread/INFO]: Starting Minecraft: Bedrock Edition server version v1.17.40
2021-11-04 [19:26:54] [Server thread/INFO]: Online mode is enabled. The server will verify that players are authenticated to Xbox Live.
2021-11-04 [19:26:54] [Server thread/INFO]: Opening server on 0.0.0.0:19132
2021-11-04 [19:26:55] [Server thread/INFO]: This server is running PocketMine-MP version 3.25.2
2021-11-04 [19:26:55] [Server thread/INFO]: PocketMine-MP is distributed under the LGPL License
2021-11-04 [19:26:55] [Server thread/INFO]: Loading resource packs...
2021-11-04 [19:26:55] [Server thread/INFO]: Preparing world "world"
2021-11-04 [19:26:55] [Server thread/INFO]: Starting GS4 status listener
2021-11-04 [19:26:55] [Server thread/INFO]: Setting query port to 19132
2021-11-04 [19:26:55] [Server thread/INFO]: Query running on 0.0.0.0:19132
2021-11-04 [19:26:55] [Server thread/INFO]: Default game type: Survival Mode
2021-11-04 [19:26:55] [Server thread/INFO]: If you find this project useful, please consider donating to support development: https://patreon.com/pocketminemp
2021-11-04 [19:26:55] [Server thread/INFO]: Done (0.626s)! For help, type "help" or "?"
2021-11-04 [19:27:01] [Server thread/INFO]: Loading pocketmine.yml...
2021-11-04 [19:27:01] [Server thread/INFO]: Loading server properties...
2021-11-04 [19:27:01] [Server thread/INFO]: Selected English (eng) as the base language
2021-11-04 [19:27:01] [Server thread/INFO]: Starting Minecraft: Bedrock Edition server version v1.17.40
2021-11-04 [19:27:01] [Server thread/INFO]: Online mode is enabled. The server will verify that players are authenticated to Xbox Live.
2021-11-04 [19:27:01] [Server thread/INFO]: Opening server on 0.0.0.0:19132
2021-11-04 [19:27:01] [Server thread/INFO]: This server is running PocketMine-MP version 3.25.2
2021-11-04 [19:27:01] [Server thread/INFO]: PocketMine-MP is distributed under the LGPL License
2021-11-04 [19:27:02] [Server thread/INFO]: Loading resource packs...
2021-11-04 [19:27:02] [Server thread/INFO]: Preparing world "world"
2021-11-04 [19:27:02] [Server thread/INFO]: Starting GS4 status listener
2021-11-04 [19:27:02] [Server thread/INFO]: Setting query port to 19132
2021-11-04 [19:27:02] [Server thread/INFO]: Query running on 0.0.0.0:19132
2021-11-04 [19:27:02] [Server thread/INFO]: Default game type: Survival Mode
2021-11-04 [19:27:02] [Server thread/INFO]: If you find this project useful, please consider donating to support development: https://patreon.com/pocketminemp
